D:\Workarea\Beiwaitan\CodeLib\C++\Aladdin\build\Debug\Aladdin.exp
D:\WORKAREA\BEIWAITAN\CODELIB\C++\ALADDIN\BUILD\DEBUG\ALADDIN.ILK
D:\Workarea\Beiwaitan\CodeLib\C++\Aladdin\build\Debug\Aladdin.lib
D:\WORKAREA\BEIWAITAN\CODELIB\C++\ALADDIN\BUILD\DEBUG\ALADDIN.PDB
D:\WORKAREA\BEIWAITAN\CODELIB\C++\ALADDIN\BUILD\DEBUG\ALADDIN.XLL
D:\WORKAREA\BEIWAITAN\CODELIB\C++\ALADDIN\BUILD\DEBUG\ALADDIN.XLL.MANIFEST
D:\WORKAREA\BEIWAITAN\CODELIB\C++\ALADDIN\OPTION\DEBUG\ALADDIN.XLL.INTERMEDIATE.MANIFEST
D:\Workarea\Beiwaitan\CodeLib\C++\Aladdin\option\Debug\cl.command.1.tlog
D:\Workarea\Beiwaitan\CodeLib\C++\Aladdin\option\Debug\CL.read.1.tlog
D:\Workarea\Beiwaitan\CodeLib\C++\Aladdin\option\Debug\CL.write.1.tlog
D:\Workarea\Beiwaitan\CodeLib\C++\Aladdin\option\Debug\link.8768.read.1.tlog
D:\Workarea\Beiwaitan\CodeLib\C++\Aladdin\option\Debug\link.8768.write.1.tlog
D:\Workarea\Beiwaitan\CodeLib\C++\Aladdin\option\Debug\link.command.1.tlog
D:\Workarea\Beiwaitan\CodeLib\C++\Aladdin\option\Debug\link.read.1.tlog
D:\Workarea\Beiwaitan\CodeLib\C++\Aladdin\option\Debug\link.write.1.tlog
D:\Workarea\Beiwaitan\CodeLib\C++\Aladdin\option\Debug\mt.command.1.tlog
D:\Workarea\Beiwaitan\CodeLib\C++\Aladdin\option\Debug\mt.read.1.tlog
D:\Workarea\Beiwaitan\CodeLib\C++\Aladdin\option\Debug\mt.write.1.tlog
D:\Workarea\Beiwaitan\CodeLib\C++\Aladdin\option\Debug\option.write.1.tlog
D:\Workarea\Beiwaitan\CodeLib\C++\Aladdin\option\Debug\vc100.idb
D:\WORKAREA\BEIWAITAN\CODELIB\C++\ALADDIN\OPTION\DEBUG\VC100.PDB
D:\WORKAREA\BEIWAITAN\CODELIB\C++\ALADDIN\OPTION\DEBUG\XLOPTIONMAIN.OBJ
