D:\Workarea\Beiwaitan\CodeLib\C++\Aladdin\build\Debug\Aladdin.exp
D:\Workarea\Beiwaitan\CodeLib\C++\Aladdin\build\Debug\Aladdin.lib
D:\WORKAREA\BEIWAITAN\CODELIB\C++\ALADDIN\BUILD\DEBUG\ALADDIN.XLL.MANIFEST
D:\Workarea\Beiwaitan\CodeLib\C++\Aladdin\build\Debug\Aladdin2.exp
D:\Workarea\Beiwaitan\CodeLib\C++\Aladdin\build\Debug\Aladdin2.lib
D:\WORKAREA\BEIWAITAN\CODELIB\C++\ALADDIN\BUILD\DEBUG\ALADDIN2.XLL.MANIFEST
D:\Workarea\Beiwaitan\CodeLib\C++\Aladdin\build\Debug\Aladdin3.exp
D:\WORKAREA\BEIWAITAN\CODELIB\C++\ALADDIN\BUILD\DEBUG\ALADDIN3.ILK
D:\Workarea\Beiwaitan\CodeLib\C++\Aladdin\build\Debug\Aladdin3.lib
D:\WORKAREA\BEIWAITAN\CODELIB\C++\ALADDIN\BUILD\DEBUG\ALADDIN3.PDB
D:\WORKAREA\BEIWAITAN\CODELIB\C++\ALADDIN\BUILD\DEBUG\ALADDIN3.XLL
D:\WORKAREA\BEIWAITAN\CODELIB\C++\ALADDIN\BUILD\DEBUG\ALADDIN3.XLL.MANIFEST
D:\Workarea\Beiwaitan\CodeLib\C++\Aladdin\option\Debug\Aladdin.xll.intermediate.manifest
D:\Workarea\Beiwaitan\CodeLib\C++\Aladdin\option\Debug\Aladdin2.xll.intermediate.manifest
D:\WORKAREA\BEIWAITAN\CODELIB\C++\ALADDIN\OPTION\DEBUG\ALADDIN3.XLL.INTERMEDIATE.MANIFEST
D:\Workarea\Beiwaitan\CodeLib\C++\Aladdin\option\Debug\cl.command.1.tlog
D:\Workarea\Beiwaitan\CodeLib\C++\Aladdin\option\Debug\CL.read.1.tlog
D:\Workarea\Beiwaitan\CodeLib\C++\Aladdin\option\Debug\CL.write.1.tlog
D:\Workarea\Beiwaitan\CodeLib\C++\Aladdin\option\Debug\link.2212.read.1.tlog
D:\Workarea\Beiwaitan\CodeLib\C++\Aladdin\option\Debug\link.2212.write.1.tlog
D:\Workarea\Beiwaitan\CodeLib\C++\Aladdin\option\Debug\link.7336.read.1.tlog
D:\Workarea\Beiwaitan\CodeLib\C++\Aladdin\option\Debug\link.7336.write.1.tlog
D:\Workarea\Beiwaitan\CodeLib\C++\Aladdin\option\Debug\link.command.1.tlog
D:\Workarea\Beiwaitan\CodeLib\C++\Aladdin\option\Debug\link.read.1.tlog
D:\Workarea\Beiwaitan\CodeLib\C++\Aladdin\option\Debug\link.write.1.tlog
D:\Workarea\Beiwaitan\CodeLib\C++\Aladdin\option\Debug\mt.command.1.tlog
D:\Workarea\Beiwaitan\CodeLib\C++\Aladdin\option\Debug\mt.read.1.tlog
D:\Workarea\Beiwaitan\CodeLib\C++\Aladdin\option\Debug\mt.write.1.tlog
D:\Workarea\Beiwaitan\CodeLib\C++\Aladdin\option\Debug\option.write.1.tlog
D:\Workarea\Beiwaitan\CodeLib\C++\Aladdin\option\Debug\vc100.idb
D:\WORKAREA\BEIWAITAN\CODELIB\C++\ALADDIN\OPTION\DEBUG\VC100.PDB
D:\WORKAREA\BEIWAITAN\CODELIB\C++\ALADDIN\OPTION\DEBUG\XLOPTION.OBJ
D:\WORKAREA\BEIWAITAN\CODELIB\C++\ALADDIN\OPTION\DEBUG\XLOPTIONMAIN.OBJ
D:\WORKAREA\BEIWAITAN\CODELIB\C++\ALADDIN\OPTION\DEBUG\XLOPTIONVOLMAIN.OBJ
