D:\WORKAREA\BEIWAITAN\CODELIB\C++\ALADDIN\BUILD\V100\DEBUG\AUTO.OBJ
D:\WORKAREA\BEIWAITAN\CODELIB\C++\ALADDIN\BUILD\V100\DEBUG\AUTO.SBR
D:\Workarea\Beiwaitan\CodeLib\C++\Aladdin\build\v100\Debug\BscMake.command.1.tlog
D:\Workarea\Beiwaitan\CodeLib\C++\Aladdin\build\v100\Debug\bscmake.read.1.tlog
D:\Workarea\Beiwaitan\CodeLib\C++\Aladdin\build\v100\Debug\BscMake.write.1.tlog
D:\Workarea\Beiwaitan\CodeLib\C++\Aladdin\build\v100\Debug\cl.command.1.tlog
D:\Workarea\Beiwaitan\CodeLib\C++\Aladdin\build\v100\Debug\CL.read.1.tlog
D:\Workarea\Beiwaitan\CodeLib\C++\Aladdin\build\v100\Debug\CL.write.1.tlog
D:\WORKAREA\BEIWAITAN\CODELIB\C++\ALADDIN\BUILD\V100\DEBUG\DEBUG.OBJ
D:\WORKAREA\BEIWAITAN\CODELIB\C++\ALADDIN\BUILD\V100\DEBUG\DEBUG.SBR
D:\WORKAREA\BEIWAITAN\CODELIB\C++\ALADDIN\BUILD\V100\DEBUG\DLLMAIN.OBJ
D:\WORKAREA\BEIWAITAN\CODELIB\C++\ALADDIN\BUILD\V100\DEBUG\DLLMAIN.SBR
D:\WORKAREA\BEIWAITAN\CODELIB\C++\ALADDIN\BUILD\V100\DEBUG\DOCUMENT.OBJ
D:\WORKAREA\BEIWAITAN\CODELIB\C++\ALADDIN\BUILD\V100\DEBUG\DOCUMENT.SBR
D:\WORKAREA\BEIWAITAN\CODELIB\C++\ALADDIN\BUILD\V100\DEBUG\ENUM.OBJ
D:\WORKAREA\BEIWAITAN\CODELIB\C++\ALADDIN\BUILD\V100\DEBUG\ENUM.SBR
D:\WORKAREA\BEIWAITAN\CODELIB\C++\ALADDIN\BUILD\V100\DEBUG\ERROR.OBJ
D:\WORKAREA\BEIWAITAN\CODELIB\C++\ALADDIN\BUILD\V100\DEBUG\ERROR.SBR
D:\Workarea\Beiwaitan\CodeLib\C++\Aladdin\build\v100\Debug\lib.command.1.tlog
D:\Workarea\Beiwaitan\CodeLib\C++\Aladdin\build\v100\Debug\Lib-link.read.1.tlog
D:\Workarea\Beiwaitan\CodeLib\C++\Aladdin\build\v100\Debug\Lib-link.write.1.tlog
D:\WORKAREA\BEIWAITAN\CODELIB\C++\ALADDIN\BUILD\V100\DEBUG\PASTE.OBJ
D:\WORKAREA\BEIWAITAN\CODELIB\C++\ALADDIN\BUILD\V100\DEBUG\PASTE.SBR
D:\WORKAREA\BEIWAITAN\CODELIB\C++\ALADDIN\BUILD\V100\DEBUG\VC100.PDB
D:\WORKAREA\BEIWAITAN\CODELIB\C++\ALADDIN\BUILD\V100\DEBUG\XLCALL.OBJ
D:\WORKAREA\BEIWAITAN\CODELIB\C++\ALADDIN\BUILD\V100\DEBUG\XLCALL.SBR
D:\WORKAREA\BEIWAITAN\CODELIB\C++\ALADDIN\BUILD\V100\DEBUG\XLEXAMPLE.OBJ
D:\WORKAREA\BEIWAITAN\CODELIB\C++\ALADDIN\BUILD\V100\DEBUG\XLEXAMPLE.SBR
D:\WORKAREA\BEIWAITAN\CODELIB\C++\ALADDIN\BUILD\V100\DEBUG\XLL.BSC
D:\Workarea\Beiwaitan\CodeLib\C++\Aladdin\build\v100\Debug\xll.vcxprojResolveAssemblyReference.cache
D:\Workarea\Beiwaitan\CodeLib\C++\Aladdin\build\v100\Debug\xll.write.1.tlog
D:\WORKAREA\BEIWAITAN\CODELIB\C++\ALADDIN\BUILD\V100\DEBUG\XLL.XLL
v100\Debug\xll.bsc
